[debug] [2022-02-09T18:40:39.674Z] ----------------------------------------------------------------------
[debug] [2022-02-09T18:40:39.677Z] Command:       C:\Program Files\nodejs\node.exe C:\Users\lucas\AppData\Roaming\npm\node_modules\firebase-tools\lib\bin\firebase.js deploy
[debug] [2022-02-09T18:40:39.678Z] CLI Version:   10.1.5
[debug] [2022-02-09T18:40:39.678Z] Platform:      win32
[debug] [2022-02-09T18:40:39.678Z] Node Version:  v16.13.1
[debug] [2022-02-09T18:40:39.680Z] Time:          Wed Feb 09 2022 15:40:39 GMT-0300 (Horário Padrão de Brasília)
[debug] [2022-02-09T18:40:39.680Z] ----------------------------------------------------------------------
[debug] 
[debug] [2022-02-09T18:40:39.820Z] > command requires scopes: ["email","openid","https://www.googleapis.com/auth/cloudplatformprojects.readonly","https://www.googleapis.com/auth/firebase","https://www.googleapis.com/auth/cloud-platform"]
[debug] [2022-02-09T18:40:39.820Z] > authorizing via signed-in user (lucascipriano2002@gmail.com)
[debug] [2022-02-09T18:40:39.821Z] [iam] checking project dashboard-project-f5ac3 for permissions ["firebase.projects.get","firebasehosting.sites.update"]
[debug] [2022-02-09T18:40:39.824Z] >>> [apiv2][query] POST https://cloudresourcemanager.googleapis.com/v1/projects/dashboard-project-f5ac3:testIamPermissions [none]
[debug] [2022-02-09T18:40:39.824Z] >>> [apiv2][body] POST https://cloudresourcemanager.googleapis.com/v1/projects/dashboard-project-f5ac3:testIamPermissions {"permissions":["firebase.projects.get","firebasehosting.sites.update"]}
[debug] [2022-02-09T18:40:40.906Z] <<< [apiv2][status] POST https://cloudresourcemanager.googleapis.com/v1/projects/dashboard-project-f5ac3:testIamPermissions 200
[debug] [2022-02-09T18:40:40.906Z] <<< [apiv2][body] POST https://cloudresourcemanager.googleapis.com/v1/projects/dashboard-project-f5ac3:testIamPermissions {"permissions":["firebase.projects.get","firebasehosting.sites.update"]}
[debug] [2022-02-09T18:40:40.909Z] >>> [apiv2][query] GET https://firebase.googleapis.com/v1beta1/projects/dashboard-project-f5ac3 [none]
[debug] [2022-02-09T18:40:41.592Z] <<< [apiv2][status] GET https://firebase.googleapis.com/v1beta1/projects/dashboard-project-f5ac3 200
[debug] [2022-02-09T18:40:41.592Z] <<< [apiv2][body] GET https://firebase.googleapis.com/v1beta1/projects/dashboard-project-f5ac3 {"projectId":"dashboard-project-f5ac3","projectNumber":"291318841761","displayName":"Dashboard-project","name":"projects/dashboard-project-f5ac3","resources":{"hostingSite":"dashboard-project-f5ac3"},"state":"ACTIVE"}
[info] 
[info] === Deploying to 'dashboard-project-f5ac3'...
[info] 
[info] i  deploying hosting 
[debug] [2022-02-09T18:40:41.624Z] > refreshing access token with scopes: ["email","https://www.googleapis.com/auth/cloud-platform","https://www.googleapis.com/auth/cloudplatformprojects.readonly","https://www.googleapis.com/auth/firebase","openid"]
[debug] [2022-02-09T18:40:41.626Z] >>> HTTP REQUEST POST https://www.googleapis.com/oauth2/v3/token  
 <request body omitted>
[debug] [2022-02-09T18:40:41.880Z] <<< HTTP RESPONSE 200 {"pragma":"no-cache","date":"Wed, 09 Feb 2022 18:40:43 GMT","cache-control":"no-cache, no-store, max-age=0, must-revalidate","expires":"Mon, 01 Jan 1990 00:00:00 GMT","content-type":"application/json; charset=utf-8","vary":"X-Origin, Referer, Origin,Accept-Encoding","server":"scaffolding on HTTPServer2","x-xss-protection":"0","x-frame-options":"SAMEORIGIN","x-content-type-options":"nosniff","alt-svc":"h3=\":443\"; ma=2592000,h3-29=\":443\"; ma=2592000,h3-Q050=\":443\"; ma=2592000,h3-Q046=\":443\"; ma=2592000,h3-Q043=\":443\"; ma=2592000,quic=\":443\"; ma=2592000; v=\"46,43\"","accept-ranges":"none","transfer-encoding":"chunked"}
[debug] [2022-02-09T18:40:41.986Z] >>> HTTP REQUEST POST https://firebasehosting.googleapis.com/v1beta1/sites/dashboard-project-f5ac3/versions  
 {"config":{"rewrites":[{"glob":"**","path":"/index.html"}]},"labels":{"deployment-tool":"cli-firebase"}}
[debug] [2022-02-09T18:40:43.554Z] <<< HTTP RESPONSE 500 {"vary":"X-Origin, Referer, Origin,Accept-Encoding","content-type":"application/json; charset=UTF-8","date":"Wed, 09 Feb 2022 18:40:45 GMT","server":"ESF","cache-control":"private","x-xss-protection":"0","x-frame-options":"SAMEORIGIN","x-content-type-options":"nosniff","alt-svc":"h3=\":443\"; ma=2592000,h3-29=\":443\"; ma=2592000,h3-Q050=\":443\"; ma=2592000,h3-Q046=\":443\"; ma=2592000,h3-Q043=\":443\"; ma=2592000,quic=\":443\"; ma=2592000; v=\"46,43\"","accept-ranges":"none","transfer-encoding":"chunked"}
[debug] [2022-02-09T18:40:43.555Z] <<< HTTP RESPONSE BODY {"error":{"code":500,"message":"Internal error encountered.","status":"INTERNAL"}}
[error] 
[error] Error: HTTP Error: 500, Internal error encountered.
[debug] [2022-02-09T18:40:44.821Z] Error Context: {
  "body": {
    "error": {
      "code": 500,
      "message": "Internal error encountered.",
      "status": "INTERNAL"
    }
  },
  "response": {
    "statusCode": 500,
    "body": {
      "error": {
        "code": 500,
        "message": "Internal error encountered.",
        "status": "INTERNAL"
      }
    },
    "headers": {
      "vary": "X-Origin, Referer, Origin,Accept-Encoding",
      "content-type": "application/json; charset=UTF-8",
      "date": "Wed, 09 Feb 2022 18:40:45 GMT",
      "server": "ESF",
      "cache-control": "private",
      "x-xss-protection": "0",
      "x-frame-options": "SAMEORIGIN",
      "x-content-type-options": "nosniff",
      "alt-svc": "h3=\":443\"; ma=2592000,h3-29=\":443\"; ma=2592000,h3-Q050=\":443\"; ma=2592000,h3-Q046=\":443\"; ma=2592000,h3-Q043=\":443\"; ma=2592000,quic=\":443\"; ma=2592000; v=\"46,43\"",
      "accept-ranges": "none",
      "transfer-encoding": "chunked"
    },
    "request": {
      "uri": {
        "protocol": "https:",
        "slashes": true,
        "auth": null,
        "host": "firebasehosting.googleapis.com",
        "port": 443,
        "hostname": "firebasehosting.googleapis.com",
        "hash": null,
        "search": null,
        "query": null,
        "pathname": "/v1beta1/sites/dashboard-project-f5ac3/versions",
        "path": "/v1beta1/sites/dashboard-project-f5ac3/versions",
        "href": "https://firebasehosting.googleapis.com/v1beta1/sites/dashboard-project-f5ac3/versions"
      },
      "method": "POST"
    }
  }
}
[debug] [2022-02-09T18:40:58.432Z] ----------------------------------------------------------------------
[debug] [2022-02-09T18:40:58.434Z] Command:       C:\Program Files\nodejs\node.exe C:\Users\lucas\AppData\Roaming\npm\node_modules\firebase-tools\lib\bin\firebase.js deploy
[debug] [2022-02-09T18:40:58.435Z] CLI Version:   10.1.5
[debug] [2022-02-09T18:40:58.435Z] Platform:      win32
[debug] [2022-02-09T18:40:58.436Z] Node Version:  v16.13.1
[debug] [2022-02-09T18:40:58.437Z] Time:          Wed Feb 09 2022 15:40:58 GMT-0300 (Horário Padrão de Brasília)
[debug] [2022-02-09T18:40:58.437Z] ----------------------------------------------------------------------
[debug] 
[debug] [2022-02-09T18:40:58.554Z] > command requires scopes: ["email","openid","https://www.googleapis.com/auth/cloudplatformprojects.readonly","https://www.googleapis.com/auth/firebase","https://www.googleapis.com/auth/cloud-platform"]
[debug] [2022-02-09T18:40:58.555Z] > authorizing via signed-in user (lucascipriano2002@gmail.com)
[debug] [2022-02-09T18:40:58.555Z] [iam] checking project dashboard-project-f5ac3 for permissions ["firebase.projects.get","firebasehosting.sites.update"]
[debug] [2022-02-09T18:40:58.557Z] > refreshing access token with scopes: []
[debug] [2022-02-09T18:40:58.558Z] >>> HTTP REQUEST POST https://www.googleapis.com/oauth2/v3/token  
 <request body omitted>
[debug] [2022-02-09T18:40:58.859Z] <<< HTTP RESPONSE 200 {"expires":"Mon, 01 Jan 1990 00:00:00 GMT","cache-control":"no-cache, no-store, max-age=0, must-revalidate","date":"Wed, 09 Feb 2022 18:41:00 GMT","pragma":"no-cache","content-type":"application/json; charset=utf-8","vary":"X-Origin, Referer, Origin,Accept-Encoding","server":"scaffolding on HTTPServer2","x-xss-protection":"0","x-frame-options":"SAMEORIGIN","x-content-type-options":"nosniff","alt-svc":"h3=\":443\"; ma=2592000,h3-29=\":443\"; ma=2592000,h3-Q050=\":443\"; ma=2592000,h3-Q046=\":443\"; ma=2592000,h3-Q043=\":443\"; ma=2592000,quic=\":443\"; ma=2592000; v=\"46,43\"","accept-ranges":"none","transfer-encoding":"chunked"}
[debug] [2022-02-09T18:40:58.933Z] >>> [apiv2][query] POST https://cloudresourcemanager.googleapis.com/v1/projects/dashboard-project-f5ac3:testIamPermissions [none]
[debug] [2022-02-09T18:40:58.934Z] >>> [apiv2][body] POST https://cloudresourcemanager.googleapis.com/v1/projects/dashboard-project-f5ac3:testIamPermissions {"permissions":["firebase.projects.get","firebasehosting.sites.update"]}
[debug] [2022-02-09T18:40:59.880Z] <<< [apiv2][status] POST https://cloudresourcemanager.googleapis.com/v1/projects/dashboard-project-f5ac3:testIamPermissions 200
[debug] [2022-02-09T18:40:59.880Z] <<< [apiv2][body] POST https://cloudresourcemanager.googleapis.com/v1/projects/dashboard-project-f5ac3:testIamPermissions {"permissions":["firebase.projects.get","firebasehosting.sites.update"]}
[debug] [2022-02-09T18:40:59.885Z] >>> [apiv2][query] GET https://firebase.googleapis.com/v1beta1/projects/dashboard-project-f5ac3 [none]
[debug] [2022-02-09T18:41:00.530Z] <<< [apiv2][status] GET https://firebase.googleapis.com/v1beta1/projects/dashboard-project-f5ac3 200
[debug] [2022-02-09T18:41:00.532Z] <<< [apiv2][body] GET https://firebase.googleapis.com/v1beta1/projects/dashboard-project-f5ac3 {"projectId":"dashboard-project-f5ac3","projectNumber":"291318841761","displayName":"Dashboard-project","name":"projects/dashboard-project-f5ac3","resources":{"hostingSite":"dashboard-project-f5ac3"},"state":"ACTIVE"}
[info] 
[info] === Deploying to 'dashboard-project-f5ac3'...
[info] 
[info] i  deploying hosting 
[debug] [2022-02-09T18:41:00.557Z] > refreshing access token with scopes: ["email","https://www.googleapis.com/auth/cloud-platform","https://www.googleapis.com/auth/cloudplatformprojects.readonly","https://www.googleapis.com/auth/firebase","openid"]
[debug] [2022-02-09T18:41:00.557Z] >>> HTTP REQUEST POST https://www.googleapis.com/oauth2/v3/token  
 <request body omitted>
[debug] [2022-02-09T18:41:00.919Z] <<< HTTP RESPONSE 200 {"cache-control":"no-cache, no-store, max-age=0, must-revalidate","date":"Wed, 09 Feb 2022 18:41:02 GMT","pragma":"no-cache","expires":"Mon, 01 Jan 1990 00:00:00 GMT","content-type":"application/json; charset=utf-8","vary":"X-Origin, Referer, Origin,Accept-Encoding","server":"scaffolding on HTTPServer2","x-xss-protection":"0","x-frame-options":"SAMEORIGIN","x-content-type-options":"nosniff","alt-svc":"h3=\":443\"; ma=2592000,h3-29=\":443\"; ma=2592000,h3-Q050=\":443\"; ma=2592000,h3-Q046=\":443\"; ma=2592000,h3-Q043=\":443\"; ma=2592000,quic=\":443\"; ma=2592000; v=\"46,43\"","accept-ranges":"none","transfer-encoding":"chunked"}
[debug] [2022-02-09T18:41:01.018Z] >>> HTTP REQUEST POST https://firebasehosting.googleapis.com/v1beta1/sites/dashboard-project-f5ac3/versions  
 {"config":{"rewrites":[{"glob":"**","path":"/index.html"}]},"labels":{"deployment-tool":"cli-firebase"}}
[debug] [2022-02-09T18:41:02.293Z] <<< HTTP RESPONSE 500 {"vary":"X-Origin, Referer, Origin,Accept-Encoding","content-type":"application/json; charset=UTF-8","date":"Wed, 09 Feb 2022 18:41:04 GMT","server":"ESF","cache-control":"private","x-xss-protection":"0","x-frame-options":"SAMEORIGIN","x-content-type-options":"nosniff","alt-svc":"h3=\":443\"; ma=2592000,h3-29=\":443\"; ma=2592000,h3-Q050=\":443\"; ma=2592000,h3-Q046=\":443\"; ma=2592000,h3-Q043=\":443\"; ma=2592000,quic=\":443\"; ma=2592000; v=\"46,43\"","accept-ranges":"none","transfer-encoding":"chunked"}
[debug] [2022-02-09T18:41:02.294Z] <<< HTTP RESPONSE BODY {"error":{"code":500,"message":"Internal error encountered.","status":"INTERNAL"}}
[error] 
[error] Error: HTTP Error: 500, Internal error encountered.
[debug] [2022-02-09T18:41:02.552Z] Error Context: {
  "body": {
    "error": {
      "code": 500,
      "message": "Internal error encountered.",
      "status": "INTERNAL"
    }
  },
  "response": {
    "statusCode": 500,
    "body": {
      "error": {
        "code": 500,
        "message": "Internal error encountered.",
        "status": "INTERNAL"
      }
    },
    "headers": {
      "vary": "X-Origin, Referer, Origin,Accept-Encoding",
      "content-type": "application/json; charset=UTF-8",
      "date": "Wed, 09 Feb 2022 18:41:04 GMT",
      "server": "ESF",
      "cache-control": "private",
      "x-xss-protection": "0",
      "x-frame-options": "SAMEORIGIN",
      "x-content-type-options": "nosniff",
      "alt-svc": "h3=\":443\"; ma=2592000,h3-29=\":443\"; ma=2592000,h3-Q050=\":443\"; ma=2592000,h3-Q046=\":443\"; ma=2592000,h3-Q043=\":443\"; ma=2592000,quic=\":443\"; ma=2592000; v=\"46,43\"",
      "accept-ranges": "none",
      "transfer-encoding": "chunked"
    },
    "request": {
      "uri": {
        "protocol": "https:",
        "slashes": true,
        "auth": null,
        "host": "firebasehosting.googleapis.com",
        "port": 443,
        "hostname": "firebasehosting.googleapis.com",
        "hash": null,
        "search": null,
        "query": null,
        "pathname": "/v1beta1/sites/dashboard-project-f5ac3/versions",
        "path": "/v1beta1/sites/dashboard-project-f5ac3/versions",
        "href": "https://firebasehosting.googleapis.com/v1beta1/sites/dashboard-project-f5ac3/versions"
      },
      "method": "POST"
    }
  }
}
[debug] [2022-02-09T18:44:11.010Z] ----------------------------------------------------------------------
[debug] [2022-02-09T18:44:11.013Z] Command:       C:\Program Files\nodejs\node.exe C:\Users\lucas\AppData\Roaming\npm\node_modules\firebase-tools\lib\bin\firebase.js deploy
[debug] [2022-02-09T18:44:11.014Z] CLI Version:   10.1.5
[debug] [2022-02-09T18:44:11.014Z] Platform:      win32
[debug] [2022-02-09T18:44:11.014Z] Node Version:  v16.13.1
[debug] [2022-02-09T18:44:11.016Z] Time:          Wed Feb 09 2022 15:44:11 GMT-0300 (Horário Padrão de Brasília)
[debug] [2022-02-09T18:44:11.016Z] ----------------------------------------------------------------------
[debug] 
[debug] [2022-02-09T18:44:11.140Z] > command requires scopes: ["email","openid","https://www.googleapis.com/auth/cloudplatformprojects.readonly","https://www.googleapis.com/auth/firebase","https://www.googleapis.com/auth/cloud-platform"]
[debug] [2022-02-09T18:44:11.141Z] > authorizing via signed-in user (lucascipriano2002@gmail.com)
[debug] [2022-02-09T18:44:11.141Z] [iam] checking project dashboard-project-f5ac3 for permissions ["firebase.projects.get","firebasehosting.sites.update"]
[debug] [2022-02-09T18:44:11.143Z] > refreshing access token with scopes: []
[debug] [2022-02-09T18:44:11.144Z] >>> HTTP REQUEST POST https://www.googleapis.com/oauth2/v3/token  
 <request body omitted>
[debug] [2022-02-09T18:44:11.424Z] <<< HTTP RESPONSE 200 {"cache-control":"no-cache, no-store, max-age=0, must-revalidate","expires":"Mon, 01 Jan 1990 00:00:00 GMT","date":"Wed, 09 Feb 2022 18:44:13 GMT","pragma":"no-cache","content-type":"application/json; charset=utf-8","vary":"X-Origin, Referer, Origin,Accept-Encoding","server":"scaffolding on HTTPServer2","x-xss-protection":"0","x-frame-options":"SAMEORIGIN","x-content-type-options":"nosniff","alt-svc":"h3=\":443\"; ma=2592000,h3-29=\":443\"; ma=2592000,h3-Q050=\":443\"; ma=2592000,h3-Q046=\":443\"; ma=2592000,h3-Q043=\":443\"; ma=2592000,quic=\":443\"; ma=2592000; v=\"46,43\"","accept-ranges":"none","transfer-encoding":"chunked"}
[debug] [2022-02-09T18:44:11.534Z] >>> [apiv2][query] POST https://cloudresourcemanager.googleapis.com/v1/projects/dashboard-project-f5ac3:testIamPermissions [none]
[debug] [2022-02-09T18:44:11.535Z] >>> [apiv2][body] POST https://cloudresourcemanager.googleapis.com/v1/projects/dashboard-project-f5ac3:testIamPermissions {"permissions":["firebase.projects.get","firebasehosting.sites.update"]}
[debug] [2022-02-09T18:44:12.482Z] <<< [apiv2][status] POST https://cloudresourcemanager.googleapis.com/v1/projects/dashboard-project-f5ac3:testIamPermissions 200
[debug] [2022-02-09T18:44:12.483Z] <<< [apiv2][body] POST https://cloudresourcemanager.googleapis.com/v1/projects/dashboard-project-f5ac3:testIamPermissions {"permissions":["firebase.projects.get","firebasehosting.sites.update"]}
[debug] [2022-02-09T18:44:12.486Z] >>> [apiv2][query] GET https://firebase.googleapis.com/v1beta1/projects/dashboard-project-f5ac3 [none]
[debug] [2022-02-09T18:44:12.939Z] <<< [apiv2][status] GET https://firebase.googleapis.com/v1beta1/projects/dashboard-project-f5ac3 200
[debug] [2022-02-09T18:44:12.940Z] <<< [apiv2][body] GET https://firebase.googleapis.com/v1beta1/projects/dashboard-project-f5ac3 {"projectId":"dashboard-project-f5ac3","projectNumber":"291318841761","displayName":"Dashboard-project","name":"projects/dashboard-project-f5ac3","resources":{"hostingSite":"dashboard-project-f5ac3"},"state":"ACTIVE"}
[info] 
[info] === Deploying to 'dashboard-project-f5ac3'...
[info] 
[info] i  deploying hosting 
[debug] [2022-02-09T18:44:12.962Z] > refreshing access token with scopes: ["email","https://www.googleapis.com/auth/cloud-platform","https://www.googleapis.com/auth/cloudplatformprojects.readonly","https://www.googleapis.com/auth/firebase","openid"]
[debug] [2022-02-09T18:44:12.962Z] >>> HTTP REQUEST POST https://www.googleapis.com/oauth2/v3/token  
 <request body omitted>
[debug] [2022-02-09T18:44:13.210Z] <<< HTTP RESPONSE 200 {"expires":"Mon, 01 Jan 1990 00:00:00 GMT","cache-control":"no-cache, no-store, max-age=0, must-revalidate","pragma":"no-cache","date":"Wed, 09 Feb 2022 18:44:15 GMT","content-type":"application/json; charset=utf-8","vary":"X-Origin, Referer, Origin,Accept-Encoding","server":"scaffolding on HTTPServer2","x-xss-protection":"0","x-frame-options":"SAMEORIGIN","x-content-type-options":"nosniff","alt-svc":"h3=\":443\"; ma=2592000,h3-29=\":443\"; ma=2592000,h3-Q050=\":443\"; ma=2592000,h3-Q046=\":443\"; ma=2592000,h3-Q043=\":443\"; ma=2592000,quic=\":443\"; ma=2592000; v=\"46,43\"","accept-ranges":"none","transfer-encoding":"chunked"}
[debug] [2022-02-09T18:44:13.316Z] >>> HTTP REQUEST POST https://firebasehosting.googleapis.com/v1beta1/sites/dashboard-project-f5ac3/versions  
 {"config":{"rewrites":[{"glob":"**","path":"/index.html"}]},"labels":{"deployment-tool":"cli-firebase"}}
[debug] [2022-02-09T18:44:14.641Z] <<< HTTP RESPONSE 500 {"vary":"X-Origin, Referer, Origin,Accept-Encoding","content-type":"application/json; charset=UTF-8","date":"Wed, 09 Feb 2022 18:44:16 GMT","server":"ESF","cache-control":"private","x-xss-protection":"0","x-frame-options":"SAMEORIGIN","x-content-type-options":"nosniff","alt-svc":"h3=\":443\"; ma=2592000,h3-29=\":443\"; ma=2592000,h3-Q050=\":443\"; ma=2592000,h3-Q046=\":443\"; ma=2592000,h3-Q043=\":443\"; ma=2592000,quic=\":443\"; ma=2592000; v=\"46,43\"","accept-ranges":"none","transfer-encoding":"chunked"}
[debug] [2022-02-09T18:44:14.641Z] <<< HTTP RESPONSE BODY {"error":{"code":500,"message":"Internal error encountered.","status":"INTERNAL"}}
[error] 
[error] Error: HTTP Error: 500, Internal error encountered.
[debug] [2022-02-09T18:44:14.885Z] Error Context: {
  "body": {
    "error": {
      "code": 500,
      "message": "Internal error encountered.",
      "status": "INTERNAL"
    }
  },
  "response": {
    "statusCode": 500,
    "body": {
      "error": {
        "code": 500,
        "message": "Internal error encountered.",
        "status": "INTERNAL"
      }
    },
    "headers": {
      "vary": "X-Origin, Referer, Origin,Accept-Encoding",
      "content-type": "application/json; charset=UTF-8",
      "date": "Wed, 09 Feb 2022 18:44:16 GMT",
      "server": "ESF",
      "cache-control": "private",
      "x-xss-protection": "0",
      "x-frame-options": "SAMEORIGIN",
      "x-content-type-options": "nosniff",
      "alt-svc": "h3=\":443\"; ma=2592000,h3-29=\":443\"; ma=2592000,h3-Q050=\":443\"; ma=2592000,h3-Q046=\":443\"; ma=2592000,h3-Q043=\":443\"; ma=2592000,quic=\":443\"; ma=2592000; v=\"46,43\"",
      "accept-ranges": "none",
      "transfer-encoding": "chunked"
    },
    "request": {
      "uri": {
        "protocol": "https:",
        "slashes": true,
        "auth": null,
        "host": "firebasehosting.googleapis.com",
        "port": 443,
        "hostname": "firebasehosting.googleapis.com",
        "hash": null,
        "search": null,
        "query": null,
        "pathname": "/v1beta1/sites/dashboard-project-f5ac3/versions",
        "path": "/v1beta1/sites/dashboard-project-f5ac3/versions",
        "href": "https://firebasehosting.googleapis.com/v1beta1/sites/dashboard-project-f5ac3/versions"
      },
      "method": "POST"
    }
  }
}
